Start testing: Mar 14 13:01 CDT
----------------------------------------------------------
1/1 Testing: Test_of_Turtlelib
1/1 Test: Test_of_Turtlelib
Command: "/home/ritz/WinterQ/SLAM/hw1/src/nuturtle-Ritika521/turtlelib/build/turtlelib_test"
Directory: /home/ritz/WinterQ/SLAM/hw1/src/nuturtle-Ritika521/turtlelib/build
"Test_of_Turtlelib" start time: Mar 14 13:01 CDT
Output:
----------------------------------------------------------
Randomness seeded to: 192205679

 n:6
center4.5,6.66667
h_INV          0         0         0    0.5000
         0    1.0000         0         0
         0         0    1.0000         0
    0.5000         0         0  -17.6111
V:   -0.9939  -0.0734  -0.0119  -0.0820
  -0.0769   0.9878   0.1320   0.0286
   0.0427  -0.0909   0.8251  -0.5561
  -0.0672  -0.1026   0.5493   0.8266

s:   28.0615
    6.6194
    2.2028
    0.8723

 z:   12.3611   -3.5000    0.3333    1.0000
    6.6944   -2.5000   -0.6667    1.0000
    2.0278    0.5000    1.3333    1.0000
    6.3611    2.5000    0.3333    1.0000
   23.0278    4.5000   -1.6667    1.0000
    2.3611   -1.5000    0.3333    1.0000

 U:  -0.4301  -0.6795   0.0975  -0.5411  -0.2224   0.0392
  -0.2337  -0.4537  -0.1865   0.6616   0.0558  -0.5138
  -0.0736   0.0183   0.7678  -0.0765   0.5561  -0.2995
  -0.2340   0.2825   0.4896   0.2193  -0.7505  -0.1198
  -0.8328   0.4236  -0.2299  -0.0064   0.2502   0.1071
  -0.0814  -0.2701   0.2715   0.4641   0.1109   0.7868
min s: 0.872253
Y    27.7596    1.6593   -1.1277    1.8503
    1.6593    6.6645   -0.4601   -0.3453
   -1.1277   -0.4601    1.8749    0.5786
    1.8503   -0.3453    0.5786    1.4569

Q    -4.9044   19.5707  -14.7436  -26.7656
   19.5707   41.9553    0.2635    7.1805
  -14.7436    0.2635   -2.8207  -13.8872
  -26.7656    7.1805  -13.8872  -34.2302

A*   -0.2885
   0.0490
  -0.7909
   0.5375

A:  -0.0921
   0.0213
  -0.7105
   0.7731

center 4.5,6.66667
 n:6
center4.5,6.66667
h_INV          0         0         0    0.5000
         0    1.0000         0         0
         0         0    1.0000         0
    0.5000         0         0  -17.6111
V:   -0.9939  -0.0734  -0.0119  -0.0820
  -0.0769   0.9878   0.1320   0.0286
   0.0427  -0.0909   0.8251  -0.5561
  -0.0672  -0.1026   0.5493   0.8266

s:   28.0615
    6.6194
    2.2028
    0.8723

 z:   12.3611   -3.5000    0.3333    1.0000
    6.6944   -2.5000   -0.6667    1.0000
    2.0278    0.5000    1.3333    1.0000
    6.3611    2.5000    0.3333    1.0000
   23.0278    4.5000   -1.6667    1.0000
    2.3611   -1.5000    0.3333    1.0000

 U:  -0.4301  -0.6795   0.0975  -0.5411  -0.2224   0.0392
  -0.2337  -0.4537  -0.1865   0.6616   0.0558  -0.5138
  -0.0736   0.0183   0.7678  -0.0765   0.5561  -0.2995
  -0.2340   0.2825   0.4896   0.2193  -0.7505  -0.1198
  -0.8328   0.4236  -0.2299  -0.0064   0.2502   0.1071
  -0.0814  -0.2701   0.2715   0.4641   0.1109   0.7868
min s: 0.872253
Y    27.7596    1.6593   -1.1277    1.8503
    1.6593    6.6645   -0.4601   -0.3453
   -1.1277   -0.4601    1.8749    0.5786
    1.8503   -0.3453    0.5786    1.4569

Q    -4.9044   19.5707  -14.7436  -26.7656
   19.5707   41.9553    0.2635    7.1805
  -14.7436    0.2635   -2.8207  -13.8872
  -26.7656    7.1805  -13.8872  -34.2302

A*   -0.2885
   0.0490
  -0.7909
   0.5375

A:  -0.0921
   0.0213
  -0.7105
   0.7731

center 4.5,6.66667
 n:6
center4.5,6.66667
h_INV          0         0         0    0.5000
         0    1.0000         0         0
         0         0    1.0000         0
    0.5000         0         0  -17.6111
V:   -0.9939  -0.0734  -0.0119  -0.0820
  -0.0769   0.9878   0.1320   0.0286
   0.0427  -0.0909   0.8251  -0.5561
  -0.0672  -0.1026   0.5493   0.8266

s:   28.0615
    6.6194
    2.2028
    0.8723

 z:   12.3611   -3.5000    0.3333    1.0000
    6.6944   -2.5000   -0.6667    1.0000
    2.0278    0.5000    1.3333    1.0000
    6.3611    2.5000    0.3333    1.0000
   23.0278    4.5000   -1.6667    1.0000
    2.3611   -1.5000    0.3333    1.0000

 U:  -0.4301  -0.6795   0.0975  -0.5411  -0.2224   0.0392
  -0.2337  -0.4537  -0.1865   0.6616   0.0558  -0.5138
  -0.0736   0.0183   0.7678  -0.0765   0.5561  -0.2995
  -0.2340   0.2825   0.4896   0.2193  -0.7505  -0.1198
  -0.8328   0.4236  -0.2299  -0.0064   0.2502   0.1071
  -0.0814  -0.2701   0.2715   0.4641   0.1109   0.7868
min s: 0.872253
Y    27.7596    1.6593   -1.1277    1.8503
    1.6593    6.6645   -0.4601   -0.3453
   -1.1277   -0.4601    1.8749    0.5786
    1.8503   -0.3453    0.5786    1.4569

Q    -4.9044   19.5707  -14.7436  -26.7656
   19.5707   41.9553    0.2635    7.1805
  -14.7436    0.2635   -2.8207  -13.8872
  -26.7656    7.1805  -13.8872  -34.2302

A*   -0.2885
   0.0490
  -0.7909
   0.5375

A:  -0.0921
   0.0213
  -0.7105
   0.7731

center 4.5,6.66667
 n:4
center0,0.01
h_INV         0        0        0   0.5000
        0   1.0000        0        0
        0        0   1.0000        0
   0.5000        0        0  -1.0966
V:    0.5424   0.0002  -0.8398  -0.0223
   0.0001   0.9998  -0.0003   0.0221
  -0.0018   0.0221   0.0253  -0.9994
   0.8401  -0.0002   0.5423   0.0122

s:   2.3272
   1.4768
   0.7768
   0.1084

 z:   1.0001  -1.0000  -0.0100   1.0000
   0.0949  -0.3000  -0.0700   1.0000
   0.0981   0.3000   0.0900   1.0000
   1.0001   1.0000  -0.0100   1.0000

 U:   0.5940  -0.6771  -0.3831  -0.2045
   0.3831  -0.2043   0.5933   0.6778
   0.3838   0.2043   0.5949  -0.6761
   0.5942   0.6768  -0.3838   0.2041
min s: 0.108353
Y    1.2326   0.0006  -0.0164   0.7067
   0.0006   1.4762   0.0303  -0.0002
  -0.0164   0.0303   0.1095   0.0058
   0.7067  -0.0002   0.0058   1.8710

Q    0.3237   0.0006  -0.0085  -0.0472
   0.0006   2.1800   0.0480   0.0008
  -0.0085   0.0480   0.0128  -0.0246
  -0.0472   0.0008  -0.0246  -2.5165

A*   -0.0257
   0.0221
  -0.9994
   0.0102

A:  -0.2081
   0.2043
  -9.2238
   0.1129

center 0,0.01
 n:4
center0,0.01
h_INV         0        0        0   0.5000
        0   1.0000        0        0
        0        0   1.0000        0
   0.5000        0        0  -1.0966
V:    0.5424   0.0002  -0.8398  -0.0223
   0.0001   0.9998  -0.0003   0.0221
  -0.0018   0.0221   0.0253  -0.9994
   0.8401  -0.0002   0.5423   0.0122

s:   2.3272
   1.4768
   0.7768
   0.1084

 z:   1.0001  -1.0000  -0.0100   1.0000
   0.0949  -0.3000  -0.0700   1.0000
   0.0981   0.3000   0.0900   1.0000
   1.0001   1.0000  -0.0100   1.0000

 U:   0.5940  -0.6771  -0.3831  -0.2045
   0.3831  -0.2043   0.5933   0.6778
   0.3838   0.2043   0.5949  -0.6761
   0.5942   0.6768  -0.3838   0.2041
min s: 0.108353
Y    1.2326   0.0006  -0.0164   0.7067
   0.0006   1.4762   0.0303  -0.0002
  -0.0164   0.0303   0.1095   0.0058
   0.7067  -0.0002   0.0058   1.8710

Q    0.3237   0.0006  -0.0085  -0.0472
   0.0006   2.1800   0.0480   0.0008
  -0.0085   0.0480   0.0128  -0.0246
  -0.0472   0.0008  -0.0246  -2.5165

A*   -0.0257
   0.0221
  -0.9994
   0.0102

A:  -0.2081
   0.2043
  -9.2238
   0.1129

center 0,0.01
 n:4
center0,0.01
h_INV         0        0        0   0.5000
        0   1.0000        0        0
        0        0   1.0000        0
   0.5000        0        0  -1.0966
V:    0.5424   0.0002  -0.8398  -0.0223
   0.0001   0.9998  -0.0003   0.0221
  -0.0018   0.0221   0.0253  -0.9994
   0.8401  -0.0002   0.5423   0.0122

s:   2.3272
   1.4768
   0.7768
   0.1084

 z:   1.0001  -1.0000  -0.0100   1.0000
   0.0949  -0.3000  -0.0700   1.0000
   0.0981   0.3000   0.0900   1.0000
   1.0001   1.0000  -0.0100   1.0000

 U:   0.5940  -0.6771  -0.3831  -0.2045
   0.3831  -0.2043   0.5933   0.6778
   0.3838   0.2043   0.5949  -0.6761
   0.5942   0.6768  -0.3838   0.2041
min s: 0.108353
Y    1.2326   0.0006  -0.0164   0.7067
   0.0006   1.4762   0.0303  -0.0002
  -0.0164   0.0303   0.1095   0.0058
   0.7067  -0.0002   0.0058   1.8710

Q    0.3237   0.0006  -0.0085  -0.0472
   0.0006   2.1800   0.0480   0.0008
  -0.0085   0.0480   0.0128  -0.0246
  -0.0472   0.0008  -0.0246  -2.5165

A*   -0.0257
   0.0221
  -0.9994
   0.0102

A:  -0.2081
   0.2043
  -9.2238
   0.1129

center 0,0.01===============================================================================
All tests passed (71 assertions in 13 test cases)

<end of output>
Test time =   0.00 sec
----------------------------------------------------------
Test Passed.
"Test_of_Turtlelib" end time: Mar 14 13:01 CDT
"Test_of_Turtlelib" time elapsed: 00:00:00
----------------------------------------------------------

End testing: Mar 14 13:01 CDT
